{"C:\\Users\\ajank\\OneDrive\\Pulpit\\jest\\kyle\\js\\cloneArray.js": {"path":"C:\\Users\\ajank\\OneDrive\\Pulpit\\jest\\kyle\\js\\cloneArray.js","statementMap":{"0":{"start":{"line":1,"column":19},"end":{"line":3,"column":1}},"1":{"start":{"line":2,"column":4},"end":{"line":2,"column":21}},"2":{"start":{"line":5,"column":0},"end":{"line":5,"column":28}}},"fnMap":{"0":{"name":"(anonymous_0)","decl":{"start":{"line":1,"column":19},"end":{"line":1,"column":20}},"loc":{"start":{"line":1,"column":28},"end":{"line":3,"column":1}},"line":1}},"branchMap":{},"s":{"0":1,"1":2,"2":1},"f":{"0":2},"b":{},"_coverageSchema":"1a1c01bbd47fc00a2c39e90264f33305004495a9","hash":"9d3a238a206ec9aa72c572fdff3a67e32b9ea753"}
,"C:\\Users\\ajank\\OneDrive\\Pulpit\\jest\\kyle\\js\\substract.js": {"path":"C:\\Users\\ajank\\OneDrive\\Pulpit\\jest\\kyle\\js\\substract.js","statementMap":{"0":{"start":{"line":1,"column":18},"end":{"line":3,"column":1}},"1":{"start":{"line":2,"column":4},"end":{"line":2,"column":16}},"2":{"start":{"line":5,"column":0},"end":{"line":5,"column":27}}},"fnMap":{"0":{"name":"(anonymous_0)","decl":{"start":{"line":1,"column":18},"end":{"line":1,"column":19}},"loc":{"start":{"line":1,"column":27},"end":{"line":3,"column":1}},"line":1}},"branchMap":{},"s":{"0":1,"1":1,"2":1},"f":{"0":1},"b":{},"_coverageSchema":"1a1c01bbd47fc00a2c39e90264f33305004495a9","hash":"f21cfe1068a2775737104dafcf8e1d51eb5e9bc6"}
,"C:\\Users\\ajank\\OneDrive\\Pulpit\\jest\\kyle\\js\\sum.js": {"path":"C:\\Users\\ajank\\OneDrive\\Pulpit\\jest\\kyle\\js\\sum.js","statementMap":{"0":{"start":{"line":2,"column":4},"end":{"line":2,"column":17}},"1":{"start":{"line":4,"column":2},"end":{"line":4,"column":23}}},"fnMap":{"0":{"name":"sum","decl":{"start":{"line":1,"column":9},"end":{"line":1,"column":12}},"loc":{"start":{"line":1,"column":19},"end":{"line":3,"column":3}},"line":1}},"branchMap":{},"s":{"0":1,"1":1},"f":{"0":1},"b":{},"_coverageSchema":"1a1c01bbd47fc00a2c39e90264f33305004495a9","hash":"0f2eaf1a2514208458bccd83dedf8eaf8ed5ef2d"}
}
